# JRE version: Java(TM) SE Runtime Environment (8.0_60-b27) (build 1.8.0_60-b27)
# Java VM: Java HotSpot(TM) 64-Bit Server VM (25.60-b23 mixed mode windows-amd64 compressed oops)
Heap:
 PSYoungGen      total 197120K, used 107704K [0x000000076b500000, 0x0000000778100000, 0x00000007c0000000)
  eden space 186368K, 55% used [0x000000076b500000,0x0000000771a9f908,0x0000000776b00000)
  from space 10752K, 33% used [0x0000000777580000,0x000000077790e750,0x0000000778000000)
  to   space 10752K, 0% used [0x0000000776b00000,0x0000000776b00000,0x0000000777580000)
 ParOldGen       total 111616K, used 8268K [0x00000006c1e00000, 0x00000006c8b00000, 0x000000076b500000)
  object space 111616K, 7% used [0x00000006c1e00000,0x00000006c2613168,0x00000006c8b00000)
 Metaspace       used 26995K, capacity 27986K, committed 28160K, reserved 1073152K
  class space    used 3371K, capacity 3573K, committed 3584K, reserved 1048576K
GC Heap History (10 events):
Event: 0.653 GC heap before
{Heap before GC invocations=1 (full 0):
 PSYoungGen      total 76288K, used 65536K [0x000000076b500000, 0x0000000770a00000, 0x00000007c0000000)
  eden space 65536K, 100% used [0x000000076b500000,0x000000076f500000,0x000000076f500000)
  from space 10752K, 0% used [0x000000076ff80000,0x000000076ff80000,0x0000000770a00000)
  to   space 10752K, 0% used [0x000000076f500000,0x000000076f500000,0x000000076ff80000)
 ParOldGen       total 175104K, used 0K [0x00000006c1e00000, 0x00000006cc900000, 0x000000076b500000)
  object space 175104K, 0% used [0x00000006c1e00000,0x00000006c1e00000,0x00000006cc900000)
 Metaspace       used 16219K, capacity 16762K, committed 17024K, reserved 1064960K
  class space    used 2001K, capacity 2127K, committed 2176K, reserved 1048576K
Event: 0.661 GC heap after
Heap after GC invocations=1 (full 0):
 PSYoungGen      total 76288K, used 10750K [0x000000076b500000, 0x0000000774a00000, 0x00000007c0000000)
  eden space 65536K, 0% used [0x000000076b500000,0x000000076b500000,0x000000076f500000)
  from space 10752K, 99% used [0x000000076f500000,0x000000076ff7f940,0x000000076ff80000)
  to   space 10752K, 0% used [0x0000000773f80000,0x0000000773f80000,0x0000000774a00000)
 ParOldGen       total 175104K, used 558K [0x00000006c1e00000, 0x00000006cc900000, 0x000000076b500000)
  object space 175104K, 0% used [0x00000006c1e00000,0x00000006c1e8b940,0x00000006cc900000)
 Metaspace       used 16219K, capacity 16762K, committed 17024K, reserved 1064960K
  class space    used 2001K, capacity 2127K, committed 2176K, reserved 1048576K
}
Event: 0.919 GC heap before
{Heap before GC invocations=2 (full 0):
 PSYoungGen      total 76288K, used 45151K [0x000000076b500000, 0x0000000774a00000, 0x00000007c0000000)
  eden space 65536K, 52% used [0x000000076b500000,0x000000076d6985a0,0x000000076f500000)
  from space 10752K, 99% used [0x000000076f500000,0x000000076ff7f940,0x000000076ff80000)
  to   space 10752K, 0% used [0x0000000773f80000,0x0000000773f80000,0x0000000774a00000)
 ParOldGen       total 175104K, used 558K [0x00000006c1e00000, 0x00000006cc900000, 0x000000076b500000)
  object space 175104K, 0% used [0x00000006c1e00000,0x00000006c1e8b940,0x00000006cc900000)
 Metaspace       used 20487K, capacity 21098K, committed 21248K, reserved 1067008K
  class space    used 2557K, capacity 2735K, committed 2816K, reserved 1048576K
Event: 0.926 GC heap after
Heap after GC invocations=2 (full 0):
 PSYoungGen      total 141824K, used 8482K [0x000000076b500000, 0x0000000774a00000, 0x00000007c0000000)
  eden space 131072K, 0% used [0x000000076b500000,0x000000076b500000,0x0000000773500000)
  from space 10752K, 78% used [0x0000000773f80000,0x00000007747c88f0,0x0000000774a00000)
  to   space 10752K, 0% used [0x0000000773500000,0x0000000773500000,0x0000000773f80000)
 ParOldGen       total 175104K, used 566K [0x00000006c1e00000, 0x00000006cc900000, 0x000000076b500000)
  object space 175104K, 0% used [0x00000006c1e00000,0x00000006c1e8d940,0x00000006cc900000)
 Metaspace       used 20487K, capacity 21098K, committed 21248K, reserved 1067008K
  class space    used 2557K, capacity 2735K, committed 2816K, reserved 1048576K
}
Event: 0.926 GC heap before
{Heap before GC invocations=3 (full 1):
 PSYoungGen      total 141824K, used 8482K [0x000000076b500000, 0x0000000774a00000, 0x00000007c0000000)
  eden space 131072K, 0% used [0x000000076b500000,0x000000076b500000,0x0000000773500000)
  from space 10752K, 78% used [0x0000000773f80000,0x00000007747c88f0,0x0000000774a00000)
  to   space 10752K, 0% used [0x0000000773500000,0x0000000773500000,0x0000000773f80000)
 ParOldGen       total 175104K, used 566K [0x00000006c1e00000, 0x00000006cc900000, 0x000000076b500000)
  object space 175104K, 0% used [0x00000006c1e00000,0x00000006c1e8d940,0x00000006cc900000)
 Metaspace       used 20487K, capacity 21098K, committed 21248K, reserved 1067008K
  class space    used 2557K, capacity 2735K, committed 2816K, reserved 1048576K
Event: 0.947 GC heap after
Heap after GC invocations=3 (full 1):
 PSYoungGen      total 141824K, used 0K [0x000000076b500000, 0x0000000774a00000, 0x00000007c0000000)
  eden space 131072K, 0% used [0x000000076b500000,0x000000076b500000,0x0000000773500000)
  from space 10752K, 0% used [0x0000000773f80000,0x0000000773f80000,0x0000000774a00000)
  to   space 10752K, 0% used [0x0000000773500000,0x0000000773500000,0x0000000773f80000)
 ParOldGen       total 111616K, used 8252K [0x00000006c1e00000, 0x00000006c8b00000, 0x000000076b500000)
  object space 111616K, 7% used [0x00000006c1e00000,0x00000006c260f168,0x00000006c8b00000)
 Metaspace       used 20485K, capacity 21092K, committed 21248K, reserved 1067008K
  class space    used 2557K, capacity 2734K, committed 2816K, reserved 1048576K
}
Event: 1.285 GC heap before
{Heap before GC invocations=4 (full 1):
 PSYoungGen      total 141824K, used 131072K [0x000000076b500000, 0x0000000774a00000, 0x00000007c0000000)
  eden space 131072K, 100% used [0x000000076b500000,0x0000000773500000,0x0000000773500000)
  from space 10752K, 0% used [0x0000000773f80000,0x0000000773f80000,0x0000000774a00000)
  to   space 10752K, 0% used [0x0000000773500000,0x0000000773500000,0x0000000773f80000)
 ParOldGen       total 111616K, used 8252K [0x00000006c1e00000, 0x00000006c8b00000, 0x000000076b500000)
  object space 111616K, 7% used [0x00000006c1e00000,0x00000006c260f168,0x00000006c8b00000)
 Metaspace       used 23347K, capacity 24152K, committed 24320K, reserved 1071104K
  class space    used 2883K, capacity 3070K, committed 3072K, reserved 1048576K
Event: 1.290 GC heap after
Heap after GC invocations=4 (full 1):
 PSYoungGen      total 141824K, used 5286K [0x000000076b500000, 0x0000000778000000, 0x00000007c0000000)
  eden space 131072K, 0% used [0x000000076b500000,0x000000076b500000,0x0000000773500000)
  from space 10752K, 49% used [0x0000000773500000,0x0000000773a29938,0x0000000773f80000)
  to   space 10752K, 0% used [0x0000000777580000,0x0000000777580000,0x0000000778000000)
 ParOldGen       total 111616K, used 8260K [0x00000006c1e00000, 0x00000006c8b00000, 0x000000076b500000)
  object space 111616K, 7% used [0x00000006c1e00000,0x00000006c2611168,0x00000006c8b00000)
 Metaspace       used 23347K, capacity 24152K, committed 24320K, reserved 1071104K
  class space    used 2883K, capacity 3070K, committed 3072K, reserved 1048576K
}
Event: 1.392 GC heap before
{Heap before GC invocations=5 (full 1):
 PSYoungGen      total 141824K, used 136358K [0x000000076b500000, 0x0000000778000000, 0x00000007c0000000)
  eden space 131072K, 100% used [0x000000076b500000,0x0000000773500000,0x0000000773500000)
  from space 10752K, 49% used [0x0000000773500000,0x0000000773a29938,0x0000000773f80000)
  to   space 10752K, 0% used [0x0000000777580000,0x0000000777580000,0x0000000778000000)
 ParOldGen       total 111616K, used 8260K [0x00000006c1e00000, 0x00000006c8b00000, 0x000000076b500000)
  object space 111616K, 7% used [0x00000006c1e00000,0x00000006c2611168,0x00000006c8b00000)
 Metaspace       used 23665K, capacity 24492K, committed 24704K, reserved 1071104K
  class space    used 2910K, capacity 3108K, committed 3200K, reserved 1048576K
Event: 1.394 GC heap after
Heap after GC invocations=5 (full 1):
 PSYoungGen      total 197120K, used 3641K [0x000000076b500000, 0x0000000778100000, 0x00000007c0000000)
  eden space 186368K, 0% used [0x000000076b500000,0x000000076b500000,0x0000000776b00000)
  from space 10752K, 33% used [0x0000000777580000,0x000000077790e750,0x0000000778000000)
  to   space 10752K, 0% used [0x0000000776b00000,0x0000000776b00000,0x0000000777580000)
 ParOldGen       total 111616K, used 8268K [0x00000006c1e00000, 0x00000006c8b00000, 0x000000076b500000)
  object space 111616K, 7% used [0x00000006c1e00000,0x00000006c2613168,0x00000006c8b00000)
 Metaspace       used 23665K, capacity 24492K, committed 24704K, reserved 1071104K
  class space    used 2910K, capacity 3108K, committed 3200K, reserved 1048576K
}

