# JRE version: Java(TM) SE Runtime Environment (8.0_60-b27) (build 1.8.0_60-b27)
# Java VM: Java HotSpot(TM) 64-Bit Server VM (25.60-b23 mixed mode windows-amd64 compressed oops)
Heap:
 PSYoungGen      total 191488K, used 19291K [0x000000076b500000, 0x0000000777e80000, 0x00000007c0000000)
  eden space 180736K, 4% used [0x000000076b500000,0x000000076bd5ba68,0x0000000776580000)
  from space 10752K, 99% used [0x0000000777000000,0x0000000777a7b2f0,0x0000000777a80000)
  to   space 10752K, 0% used [0x0000000776580000,0x0000000776580000,0x0000000777000000)
 ParOldGen       total 113152K, used 27736K [0x00000006c1e00000, 0x00000006c8c80000, 0x000000076b500000)
  object space 113152K, 24% used [0x00000006c1e00000,0x00000006c3916338,0x00000006c8c80000)
 Metaspace       used 49328K, capacity 51889K, committed 52056K, reserved 1095680K
  class space    used 6301K, capacity 6741K, committed 6744K, reserved 1048576K
GC Heap History (10 events):
Event: 1.264 GC heap before
{Heap before GC invocations=4 (full 1):
 PSYoungGen      total 141824K, used 131072K [0x000000076b500000, 0x0000000774a00000, 0x00000007c0000000)
  eden space 131072K, 100% used [0x000000076b500000,0x0000000773500000,0x0000000773500000)
  from space 10752K, 0% used [0x0000000773f80000,0x0000000773f80000,0x0000000774a00000)
  to   space 10752K, 0% used [0x0000000773500000,0x0000000773500000,0x0000000773f80000)
 ParOldGen       total 113152K, used 8240K [0x00000006c1e00000, 0x00000006c8c80000, 0x000000076b500000)
  object space 113152K, 7% used [0x00000006c1e00000,0x00000006c260c130,0x00000006c8c80000)
 Metaspace       used 23336K, capacity 24156K, committed 24320K, reserved 1071104K
  class space    used 2885K, capacity 3070K, committed 3072K, reserved 1048576K
Event: 1.267 GC heap after
Heap after GC invocations=4 (full 1):
 PSYoungGen      total 141824K, used 5373K [0x000000076b500000, 0x0000000777a80000, 0x00000007c0000000)
  eden space 131072K, 0% used [0x000000076b500000,0x000000076b500000,0x0000000773500000)
  from space 10752K, 49% used [0x0000000773500000,0x0000000773a3f6a8,0x0000000773f80000)
  to   space 10752K, 0% used [0x0000000777000000,0x0000000777000000,0x0000000777a80000)
 ParOldGen       total 113152K, used 8248K [0x00000006c1e00000, 0x00000006c8c80000, 0x000000076b500000)
  object space 113152K, 7% used [0x00000006c1e00000,0x00000006c260e130,0x00000006c8c80000)
 Metaspace       used 23336K, capacity 24156K, committed 24320K, reserved 1071104K
  class space    used 2885K, capacity 3070K, committed 3072K, reserved 1048576K
}
Event: 1.354 GC heap before
{Heap before GC invocations=5 (full 1):
 PSYoungGen      total 141824K, used 136445K [0x000000076b500000, 0x0000000777a80000, 0x00000007c0000000)
  eden space 131072K, 100% used [0x000000076b500000,0x0000000773500000,0x0000000773500000)
  from space 10752K, 49% used [0x0000000773500000,0x0000000773a3f6a8,0x0000000773f80000)
  to   space 10752K, 0% used [0x0000000777000000,0x0000000777000000,0x0000000777a80000)
 ParOldGen       total 113152K, used 8248K [0x00000006c1e00000, 0x00000006c8c80000, 0x000000076b500000)
  object space 113152K, 7% used [0x00000006c1e00000,0x00000006c260e130,0x00000006c8c80000)
 Metaspace       used 23632K, capacity 24492K, committed 24704K, reserved 1071104K
  class space    used 2910K, capacity 3108K, committed 3200K, reserved 1048576K
Event: 1.356 GC heap after
Heap after GC invocations=5 (full 1):
 PSYoungGen      total 191488K, used 3609K [0x000000076b500000, 0x0000000777e80000, 0x00000007c0000000)
  eden space 180736K, 0% used [0x000000076b500000,0x000000076b500000,0x0000000776580000)
  from space 10752K, 33% used [0x0000000777000000,0x0000000777386750,0x0000000777a80000)
  to   space 10752K, 0% used [0x0000000776580000,0x0000000776580000,0x0000000777000000)
 ParOldGen       total 113152K, used 8256K [0x00000006c1e00000, 0x00000006c8c80000, 0x000000076b500000)
  object space 113152K, 7% used [0x00000006c1e00000,0x00000006c2610130,0x00000006c8c80000)
 Metaspace       used 23632K, capacity 24492K, committed 24704K, reserved 1071104K
  class space    used 2910K, capacity 3108K, committed 3200K, reserved 1048576K
}
Event: 2.734 GC heap before
{Heap before GC invocations=6 (full 1):
 PSYoungGen      total 191488K, used 176720K [0x000000076b500000, 0x0000000777e80000, 0x00000007c0000000)
  eden space 180736K, 95% used [0x000000076b500000,0x0000000775e0daf0,0x0000000776580000)
  from space 10752K, 33% used [0x0000000777000000,0x0000000777386750,0x0000000777a80000)
  to   space 10752K, 0% used [0x0000000776580000,0x0000000776580000,0x0000000777000000)
 ParOldGen       total 113152K, used 8256K [0x00000006c1e00000, 0x00000006c8c80000, 0x000000076b500000)
  object space 113152K, 7% used [0x00000006c1e00000,0x00000006c2610130,0x00000006c8c80000)
 Metaspace       used 33630K, capacity 35352K, committed 35416K, reserved 1079296K
  class space    used 4312K, capacity 4656K, committed 4696K, reserved 1048576K
Event: 2.756 GC heap after
Heap after GC invocations=6 (full 1):
 PSYoungGen      total 191488K, used 10730K [0x000000076b500000, 0x0000000777e80000, 0x00000007c0000000)
  eden space 180736K, 0% used [0x000000076b500000,0x000000076b500000,0x0000000776580000)
  from space 10752K, 99% used [0x0000000776580000,0x0000000776ffa8b0,0x0000000777000000)
  to   space 10752K, 0% used [0x0000000777000000,0x0000000777000000,0x0000000777a80000)
 ParOldGen       total 113152K, used 12665K [0x00000006c1e00000, 0x00000006c8c80000, 0x000000076b500000)
  object space 113152K, 11% used [0x00000006c1e00000,0x00000006c2a5e588,0x00000006c8c80000)
 Metaspace       used 33630K, capacity 35352K, committed 35416K, reserved 1079296K
  class space    used 4312K, capacity 4656K, committed 4696K, reserved 1048576K
}
Event: 2.756 GC heap before
{Heap before GC invocations=7 (full 2):
 PSYoungGen      total 191488K, used 10730K [0x000000076b500000, 0x0000000777e80000, 0x00000007c0000000)
  eden space 180736K, 0% used [0x000000076b500000,0x000000076b500000,0x0000000776580000)
  from space 10752K, 99% used [0x0000000776580000,0x0000000776ffa8b0,0x0000000777000000)
  to   space 10752K, 0% used [0x0000000777000000,0x0000000777000000,0x0000000777a80000)
 ParOldGen       total 113152K, used 12665K [0x00000006c1e00000, 0x00000006c8c80000, 0x000000076b500000)
  object space 113152K, 11% used [0x00000006c1e00000,0x00000006c2a5e588,0x00000006c8c80000)
 Metaspace       used 33630K, capacity 35352K, committed 35416K, reserved 1079296K
  class space    used 4312K, capacity 4656K, committed 4696K, reserved 1048576K
Event: 2.802 GC heap after
Heap after GC invocations=7 (full 2):
 PSYoungGen      total 191488K, used 0K [0x000000076b500000, 0x0000000777e80000, 0x00000007c0000000)
  eden space 180736K, 0% used [0x000000076b500000,0x000000076b500000,0x0000000776580000)
  from space 10752K, 0% used [0x0000000776580000,0x0000000776580000,0x0000000777000000)
  to   space 10752K, 0% used [0x0000000777000000,0x0000000777000000,0x0000000777a80000)
 ParOldGen       total 113152K, used 20156K [0x00000006c1e00000, 0x00000006c8c80000, 0x000000076b500000)
  object space 113152K, 17% used [0x00000006c1e00000,0x00000006c31af018,0x00000006c8c80000)
 Metaspace       used 33630K, capacity 35352K, committed 35416K, reserved 1079296K
  class space    used 4312K, capacity 4656K, committed 4696K, reserved 1048576K
}
Event: 106.131 GC heap before
{Heap before GC invocations=8 (full 2):
 PSYoungGen      total 191488K, used 180736K [0x000000076b500000, 0x0000000777e80000, 0x00000007c0000000)
  eden space 180736K, 100% used [0x000000076b500000,0x0000000776580000,0x0000000776580000)
  from space 10752K, 0% used [0x0000000776580000,0x0000000776580000,0x0000000777000000)
  to   space 10752K, 0% used [0x0000000777000000,0x0000000777000000,0x0000000777a80000)
 ParOldGen       total 113152K, used 20156K [0x00000006c1e00000, 0x00000006c8c80000, 0x000000076b500000)
  object space 113152K, 17% used [0x00000006c1e00000,0x00000006c31af018,0x00000006c8c80000)
 Metaspace       used 49292K, capacity 51825K, committed 52056K, reserved 1095680K
  class space    used 6301K, capacity 6741K, committed 6744K, reserved 1048576K
Event: 106.149 GC heap after
Heap after GC invocations=8 (full 2):
 PSYoungGen      total 191488K, used 10732K [0x000000076b500000, 0x0000000777e80000, 0x00000007c0000000)
  eden space 180736K, 0% used [0x000000076b500000,0x000000076b500000,0x0000000776580000)
  from space 10752K, 99% used [0x0000000777000000,0x0000000777a7b2f0,0x0000000777a80000)
  to   space 10752K, 0% used [0x0000000776580000,0x0000000776580000,0x0000000777000000)
 ParOldGen       total 113152K, used 27736K [0x00000006c1e00000, 0x00000006c8c80000, 0x000000076b500000)
  object space 113152K, 24% used [0x00000006c1e00000,0x00000006c3916338,0x00000006c8c80000)
 Metaspace       used 49292K, capacity 51825K, committed 52056K, reserved 1095680K
  class space    used 6301K, capacity 6741K, committed 6744K, reserved 1048576K
}

